# JRE version: OpenJDK Runtime Environment Temurin-21.0.5+11 (21.0.5+11) (build 21.0.5+11-LTS)
# Java VM: OpenJDK 64-Bit Server VM Temurin-21.0.5+11 (21.0.5+11-LTS, mixed mode, sharing, tiered, compressed oops, compressed class ptrs, parallel gc, windows-amd64)
GC Precious Log:
 CardTable entry size: 512
 CPUs: 4 total, 4 available
 Memory: 3930M
 Large Page Support: Disabled
 NUMA Support: Disabled
 Compressed Oops: Enabled (32-bit)
 Alignments: Space 512K, Generation 512K, Heap 2M
 Heap Min Capacity: 100M
 Heap Initial Capacity: 100M
 Heap Max Capacity: 1G
 Pre-touch: Disabled
 Parallel Workers: 4
Heap:
 PSYoungGen      total 23552K, used 14435K [0x00000000eab00000, 0x00000000ec700000, 0x0000000100000000)
  eden space 22016K, 59% used [0x00000000eab00000,0x00000000eb7d8d70,0x00000000ec080000)
  from space 1536K, 83% used [0x00000000ec580000,0x00000000ec6c0108,0x00000000ec700000)
  to   space 1536K, 0% used [0x00000000ec400000,0x00000000ec400000,0x00000000ec580000)
 ParOldGen       total 68608K, used 16691K [0x00000000c0000000, 0x00000000c4300000, 0x00000000eab00000)
  object space 68608K, 24% used [0x00000000c0000000,0x00000000c104cd68,0x00000000c4300000)
 Metaspace       used 34609K, committed 35648K, reserved 1114112K
  class space    used 3479K, committed 3904K, reserved 1048576K
GC Heap History (20 events):
Event: 21.256 GC heap before
{Heap before GC invocations=4 (full 0):
 PSYoungGen      total 29696K, used 29677K [0x00000000eab00000, 0x00000000ecc00000, 0x0000000100000000)
  eden space 25600K, 100% used [0x00000000eab00000,0x00000000ec400000,0x00000000ec400000)
  from space 4096K, 99% used [0x00000000ec400000,0x00000000ec7fb658,0x00000000ec800000)
  to   space 4096K, 0% used [0x00000000ec800000,0x00000000ec800000,0x00000000ecc00000)
 ParOldGen       total 68608K, used 5702K [0x00000000c0000000, 0x00000000c4300000, 0x00000000eab00000)
  object space 68608K, 8% used [0x00000000c0000000,0x00000000c0591888,0x00000000c4300000)
 Metaspace       used 12796K, committed 13312K, reserved 1114112K
  class space    used 1272K, committed 1536K, reserved 1048576K
}
Event: 21.262 GC heap after
{Heap after GC invocations=4 (full 0):
 PSYoungGen      total 29696K, used 4080K [0x00000000eab00000, 0x00000000ecc00000, 0x0000000100000000)
  eden space 25600K, 0% used [0x00000000eab00000,0x00000000eab00000,0x00000000ec400000)
  from space 4096K, 99% used [0x00000000ec800000,0x00000000ecbfc1c0,0x00000000ecc00000)
  to   space 4096K, 0% used [0x00000000ec400000,0x00000000ec400000,0x00000000ec800000)
 ParOldGen       total 68608K, used 7339K [0x00000000c0000000, 0x00000000c4300000, 0x00000000eab00000)
  object space 68608K, 10% used [0x00000000c0000000,0x00000000c072ad58,0x00000000c4300000)
 Metaspace       used 12796K, committed 13312K, reserved 1114112K
  class space    used 1272K, committed 1536K, reserved 1048576K
}
Event: 26.516 GC heap before
{Heap before GC invocations=5 (full 0):
 PSYoungGen      total 29696K, used 29680K [0x00000000eab00000, 0x00000000ecc00000, 0x0000000100000000)
  eden space 25600K, 100% used [0x00000000eab00000,0x00000000ec400000,0x00000000ec400000)
  from space 4096K, 99% used [0x00000000ec800000,0x00000000ecbfc1c0,0x00000000ecc00000)
  to   space 4096K, 0% used [0x00000000ec400000,0x00000000ec400000,0x00000000ec800000)
 ParOldGen       total 68608K, used 7339K [0x00000000c0000000, 0x00000000c4300000, 0x00000000eab00000)
  object space 68608K, 10% used [0x00000000c0000000,0x00000000c072ad58,0x00000000c4300000)
 Metaspace       used 16887K, committed 17536K, reserved 1114112K
  class space    used 1666K, committed 1920K, reserved 1048576K
}
Event: 26.527 GC heap after
{Heap after GC invocations=5 (full 0):
 PSYoungGen      total 29184K, used 4067K [0x00000000eab00000, 0x00000000ecf80000, 0x0000000100000000)
  eden space 25088K, 0% used [0x00000000eab00000,0x00000000eab00000,0x00000000ec380000)
  from space 4096K, 99% used [0x00000000ec400000,0x00000000ec7f8c30,0x00000000ec800000)
  to   space 6144K, 0% used [0x00000000ec980000,0x00000000ec980000,0x00000000ecf80000)
 ParOldGen       total 68608K, used 8888K [0x00000000c0000000, 0x00000000c4300000, 0x00000000eab00000)
  object space 68608K, 12% used [0x00000000c0000000,0x00000000c08ae328,0x00000000c4300000)
 Metaspace       used 16887K, committed 17536K, reserved 1114112K
  class space    used 1666K, committed 1920K, reserved 1048576K
}
Event: 29.931 GC heap before
{Heap before GC invocations=6 (full 0):
 PSYoungGen      total 29184K, used 29155K [0x00000000eab00000, 0x00000000ecf80000, 0x0000000100000000)
  eden space 25088K, 99% used [0x00000000eab00000,0x00000000ec37fff0,0x00000000ec380000)
  from space 4096K, 99% used [0x00000000ec400000,0x00000000ec7f8c30,0x00000000ec800000)
  to   space 6144K, 0% used [0x00000000ec980000,0x00000000ec980000,0x00000000ecf80000)
 ParOldGen       total 68608K, used 8888K [0x00000000c0000000, 0x00000000c4300000, 0x00000000eab00000)
  object space 68608K, 12% used [0x00000000c0000000,0x00000000c08ae328,0x00000000c4300000)
 Metaspace       used 19299K, committed 20160K, reserved 1114112K
  class space    used 1934K, committed 2304K, reserved 1048576K
}
Event: 29.936 GC heap after
{Heap after GC invocations=6 (full 0):
 PSYoungGen      total 29184K, used 4252K [0x00000000eab00000, 0x00000000ece00000, 0x0000000100000000)
  eden space 24576K, 0% used [0x00000000eab00000,0x00000000eab00000,0x00000000ec300000)
  from space 4608K, 92% used [0x00000000ec980000,0x00000000ecda7218,0x00000000ece00000)
  to   space 5120K, 0% used [0x00000000ec400000,0x00000000ec400000,0x00000000ec900000)
 ParOldGen       total 68608K, used 8888K [0x00000000c0000000, 0x00000000c4300000, 0x00000000eab00000)
  object space 68608K, 12% used [0x00000000c0000000,0x00000000c08ae328,0x00000000c4300000)
 Metaspace       used 19299K, committed 20160K, reserved 1114112K
  class space    used 1934K, committed 2304K, reserved 1048576K
}
Event: 31.393 GC heap before
{Heap before GC invocations=7 (full 0):
 PSYoungGen      total 29184K, used 13319K [0x00000000eab00000, 0x00000000ece00000, 0x0000000100000000)
  eden space 24576K, 36% used [0x00000000eab00000,0x00000000eb3dace0,0x00000000ec300000)
  from space 4608K, 92% used [0x00000000ec980000,0x00000000ecda7218,0x00000000ece00000)
  to   space 5120K, 0% used [0x00000000ec400000,0x00000000ec400000,0x00000000ec900000)
 ParOldGen       total 68608K, used 8888K [0x00000000c0000000, 0x00000000c4300000, 0x00000000eab00000)
  object space 68608K, 12% used [0x00000000c0000000,0x00000000c08ae328,0x00000000c4300000)
 Metaspace       used 20629K, committed 21504K, reserved 1114112K
  class space    used 2093K, committed 2432K, reserved 1048576K
}
Event: 31.405 GC heap after
{Heap after GC invocations=7 (full 0):
 PSYoungGen      total 28672K, used 3657K [0x00000000eab00000, 0x00000000ecb00000, 0x0000000100000000)
  eden space 24576K, 0% used [0x00000000eab00000,0x00000000eab00000,0x00000000ec300000)
  from space 4096K, 89% used [0x00000000ec400000,0x00000000ec792418,0x00000000ec800000)
  to   space 3072K, 0% used [0x00000000ec800000,0x00000000ec800000,0x00000000ecb00000)
 ParOldGen       total 68608K, used 10057K [0x00000000c0000000, 0x00000000c4300000, 0x00000000eab00000)
  object space 68608K, 14% used [0x00000000c0000000,0x00000000c09d24b8,0x00000000c4300000)
 Metaspace       used 20629K, committed 21504K, reserved 1114112K
  class space    used 2093K, committed 2432K, reserved 1048576K
}
Event: 31.405 GC heap before
{Heap before GC invocations=8 (full 1):
 PSYoungGen      total 28672K, used 3657K [0x00000000eab00000, 0x00000000ecb00000, 0x0000000100000000)
  eden space 24576K, 0% used [0x00000000eab00000,0x00000000eab00000,0x00000000ec300000)
  from space 4096K, 89% used [0x00000000ec400000,0x00000000ec792418,0x00000000ec800000)
  to   space 3072K, 0% used [0x00000000ec800000,0x00000000ec800000,0x00000000ecb00000)
 ParOldGen       total 68608K, used 10057K [0x00000000c0000000, 0x00000000c4300000, 0x00000000eab00000)
  object space 68608K, 14% used [0x00000000c0000000,0x00000000c09d24b8,0x00000000c4300000)
 Metaspace       used 20629K, committed 21504K, reserved 1114112K
  class space    used 2093K, committed 2432K, reserved 1048576K
}
Event: 31.594 GC heap after
{Heap after GC invocations=8 (full 1):
 PSYoungGen      total 28672K, used 0K [0x00000000eab00000, 0x00000000ecb00000, 0x0000000100000000)
  eden space 24576K, 0% used [0x00000000eab00000,0x00000000eab00000,0x00000000ec300000)
  from space 4096K, 0% used [0x00000000ec400000,0x00000000ec400000,0x00000000ec800000)
  to   space 3072K, 0% used [0x00000000ec800000,0x00000000ec800000,0x00000000ecb00000)
 ParOldGen       total 68608K, used 12990K [0x00000000c0000000, 0x00000000c4300000, 0x00000000eab00000)
  object space 68608K, 18% used [0x00000000c0000000,0x00000000c0caf958,0x00000000c4300000)
 Metaspace       used 20616K, committed 21504K, reserved 1114112K
  class space    used 2090K, committed 2432K, reserved 1048576K
}
Event: 33.151 GC heap before
{Heap before GC invocations=9 (full 1):
 PSYoungGen      total 28672K, used 24576K [0x00000000eab00000, 0x00000000ecb00000, 0x0000000100000000)
  eden space 24576K, 100% used [0x00000000eab00000,0x00000000ec300000,0x00000000ec300000)
  from space 4096K, 0% used [0x00000000ec400000,0x00000000ec400000,0x00000000ec800000)
  to   space 3072K, 0% used [0x00000000ec800000,0x00000000ec800000,0x00000000ecb00000)
 ParOldGen       total 68608K, used 12990K [0x00000000c0000000, 0x00000000c4300000, 0x00000000eab00000)
  object space 68608K, 18% used [0x00000000c0000000,0x00000000c0caf958,0x00000000c4300000)
 Metaspace       used 22639K, committed 23680K, reserved 1114112K
  class space    used 2264K, committed 2688K, reserved 1048576K
}
Event: 33.152 GC heap after
{Heap after GC invocations=9 (full 1):
 PSYoungGen      total 25088K, used 773K [0x00000000eab00000, 0x00000000ec900000, 0x0000000100000000)
  eden space 24064K, 0% used [0x00000000eab00000,0x00000000eab00000,0x00000000ec280000)
  from space 1024K, 75% used [0x00000000ec800000,0x00000000ec8c1400,0x00000000ec900000)
  to   space 2048K, 0% used [0x00000000ec500000,0x00000000ec500000,0x00000000ec700000)
 ParOldGen       total 68608K, used 12998K [0x00000000c0000000, 0x00000000c4300000, 0x00000000eab00000)
  object space 68608K, 18% used [0x00000000c0000000,0x00000000c0cb1958,0x00000000c4300000)
 Metaspace       used 22639K, committed 23680K, reserved 1114112K
  class space    used 2264K, committed 2688K, reserved 1048576K
}
Event: 33.923 GC heap before
{Heap before GC invocations=10 (full 1):
 PSYoungGen      total 25088K, used 24837K [0x00000000eab00000, 0x00000000ec900000, 0x0000000100000000)
  eden space 24064K, 100% used [0x00000000eab00000,0x00000000ec280000,0x00000000ec280000)
  from space 1024K, 75% used [0x00000000ec800000,0x00000000ec8c1400,0x00000000ec900000)
  to   space 2048K, 0% used [0x00000000ec500000,0x00000000ec500000,0x00000000ec700000)
 ParOldGen       total 68608K, used 12998K [0x00000000c0000000, 0x00000000c4300000, 0x00000000eab00000)
  object space 68608K, 18% used [0x00000000c0000000,0x00000000c0cb1958,0x00000000c4300000)
 Metaspace       used 26448K, committed 27392K, reserved 1114112K
  class space    used 2600K, committed 3008K, reserved 1048576K
}
Event: 33.927 GC heap after
{Heap after GC invocations=10 (full 1):
 PSYoungGen      total 25600K, used 1125K [0x00000000eab00000, 0x00000000ec880000, 0x0000000100000000)
  eden space 23552K, 0% used [0x00000000eab00000,0x00000000eab00000,0x00000000ec200000)
  from space 2048K, 54% used [0x00000000ec500000,0x00000000ec619400,0x00000000ec700000)
  to   space 1536K, 0% used [0x00000000ec700000,0x00000000ec700000,0x00000000ec880000)
 ParOldGen       total 68608K, used 13006K [0x00000000c0000000, 0x00000000c4300000, 0x00000000eab00000)
  object space 68608K, 18% used [0x00000000c0000000,0x00000000c0cb3958,0x00000000c4300000)
 Metaspace       used 26448K, committed 27392K, reserved 1114112K
  class space    used 2600K, committed 3008K, reserved 1048576K
}
Event: 34.761 GC heap before
{Heap before GC invocations=11 (full 1):
 PSYoungGen      total 25600K, used 24677K [0x00000000eab00000, 0x00000000ec880000, 0x0000000100000000)
  eden space 23552K, 100% used [0x00000000eab00000,0x00000000ec200000,0x00000000ec200000)
  from space 2048K, 54% used [0x00000000ec500000,0x00000000ec619400,0x00000000ec700000)
  to   space 1536K, 0% used [0x00000000ec700000,0x00000000ec700000,0x00000000ec880000)
 ParOldGen       total 68608K, used 13006K [0x00000000c0000000, 0x00000000c4300000, 0x00000000eab00000)
  object space 68608K, 18% used [0x00000000c0000000,0x00000000c0cb3958,0x00000000c4300000)
 Metaspace       used 28905K, committed 29888K, reserved 1114112K
  class space    used 2856K, committed 3264K, reserved 1048576K
}
Event: 34.765 GC heap after
{Heap after GC invocations=11 (full 1):
 PSYoungGen      total 24576K, used 1531K [0x00000000eab00000, 0x00000000ec880000, 0x0000000100000000)
  eden space 23040K, 0% used [0x00000000eab00000,0x00000000eab00000,0x00000000ec180000)
  from space 1536K, 99% used [0x00000000ec700000,0x00000000ec87eda0,0x00000000ec880000)
  to   space 3584K, 0% used [0x00000000ec180000,0x00000000ec180000,0x00000000ec500000)
 ParOldGen       total 68608K, used 14489K [0x00000000c0000000, 0x00000000c4300000, 0x00000000eab00000)
  object space 68608K, 21% used [0x00000000c0000000,0x00000000c0e266a8,0x00000000c4300000)
 Metaspace       used 28905K, committed 29888K, reserved 1114112K
  class space    used 2856K, committed 3264K, reserved 1048576K
}
Event: 36.768 GC heap before
{Heap before GC invocations=12 (full 1):
 PSYoungGen      total 24576K, used 24571K [0x00000000eab00000, 0x00000000ec880000, 0x0000000100000000)
  eden space 23040K, 100% used [0x00000000eab00000,0x00000000ec180000,0x00000000ec180000)
  from space 1536K, 99% used [0x00000000ec700000,0x00000000ec87eda0,0x00000000ec880000)
  to   space 3584K, 0% used [0x00000000ec180000,0x00000000ec180000,0x00000000ec500000)
 ParOldGen       total 68608K, used 14489K [0x00000000c0000000, 0x00000000c4300000, 0x00000000eab00000)
  object space 68608K, 21% used [0x00000000c0000000,0x00000000c0e266a8,0x00000000c4300000)
 Metaspace       used 30378K, committed 31360K, reserved 1114112K
  class space    used 2983K, committed 3392K, reserved 1048576K
}
Event: 36.771 GC heap after
{Heap after GC invocations=12 (full 1):
 PSYoungGen      total 26112K, used 983K [0x00000000eab00000, 0x00000000ec780000, 0x0000000100000000)
  eden space 22528K, 0% used [0x00000000eab00000,0x00000000eab00000,0x00000000ec100000)
  from space 3584K, 27% used [0x00000000ec180000,0x00000000ec275f48,0x00000000ec500000)
  to   space 2048K, 0% used [0x00000000ec580000,0x00000000ec580000,0x00000000ec780000)
 ParOldGen       total 68608K, used 15945K [0x00000000c0000000, 0x00000000c4300000, 0x00000000eab00000)
  object space 68608K, 23% used [0x00000000c0000000,0x00000000c0f92448,0x00000000c4300000)
 Metaspace       used 30378K, committed 31360K, reserved 1114112K
  class space    used 2983K, committed 3392K, reserved 1048576K
}
Event: 37.880 GC heap before
{Heap before GC invocations=13 (full 1):
 PSYoungGen      total 26112K, used 23511K [0x00000000eab00000, 0x00000000ec780000, 0x0000000100000000)
  eden space 22528K, 100% used [0x00000000eab00000,0x00000000ec100000,0x00000000ec100000)
  from space 3584K, 27% used [0x00000000ec180000,0x00000000ec275f48,0x00000000ec500000)
  to   space 2048K, 0% used [0x00000000ec580000,0x00000000ec580000,0x00000000ec780000)
 ParOldGen       total 68608K, used 15945K [0x00000000c0000000, 0x00000000c4300000, 0x00000000eab00000)
  object space 68608K, 23% used [0x00000000c0000000,0x00000000c0f92448,0x00000000c4300000)
 Metaspace       used 33134K, committed 34176K, reserved 1114112K
  class space    used 3299K, committed 3712K, reserved 1048576K
}
Event: 37.883 GC heap after
{Heap after GC invocations=13 (full 1):
 PSYoungGen      total 23552K, used 1280K [0x00000000eab00000, 0x00000000ec700000, 0x0000000100000000)
  eden space 22016K, 0% used [0x00000000eab00000,0x00000000eab00000,0x00000000ec080000)
  from space 1536K, 83% used [0x00000000ec580000,0x00000000ec6c0108,0x00000000ec700000)
  to   space 1536K, 0% used [0x00000000ec400000,0x00000000ec400000,0x00000000ec580000)
 ParOldGen       total 68608K, used 16691K [0x00000000c0000000, 0x00000000c4300000, 0x00000000eab00000)
  object space 68608K, 24% used [0x00000000c0000000,0x00000000c104cd68,0x00000000c4300000)
 Metaspace       used 33134K, committed 34176K, reserved 1114112K
  class space    used 3299K, committed 3712K, reserved 1048576K
}

