# JRE version: Java(TM) SE Runtime Environment (8.0_311-b11) (build 1.8.0_311-b11)
# Java VM: Java HotSpot(TM) 64-Bit Server VM (25.311-b11 mixed mode windows-amd64 compressed oops)
Heap:
 PSYoungGen      total 37888K, used 20936K [0x00000000eb800000, 0x00000000efc00000, 0x0000000100000000)
  eden space 28160K, 39% used [0x00000000eb800000,0x00000000ec2f2358,0x00000000ed380000)
  from space 9728K, 100% used [0x00000000ed380000,0x00000000edd00000,0x00000000edd00000)
  to   space 12288K, 0% used [0x00000000ef000000,0x00000000ef000000,0x00000000efc00000)
 ParOldGen       total 42496K, used 16496K [0x00000000c2800000, 0x00000000c5180000, 0x00000000eb800000)
  object space 42496K, 38% used [0x00000000c2800000,0x00000000c381c0d0,0x00000000c5180000)
 Metaspace       used 19682K, capacity 20398K, committed 20608K, reserved 1067008K
  class space    used 2416K, capacity 2603K, committed 2688K, reserved 1048576K
GC Heap History (10 events):
Event: 6.202 GC heap before
{Heap before GC invocations=5 (full 0):
 PSYoungGen      total 18432K, used 18400K [0x00000000eb800000, 0x00000000edc00000, 0x0000000100000000)
  eden space 15872K, 100% used [0x00000000eb800000,0x00000000ec780000,0x00000000ec780000)
  from space 2560K, 98% used [0x00000000eca00000,0x00000000ecc78020,0x00000000ecc80000)
  to   space 2560K, 0% used [0x00000000ec780000,0x00000000ec780000,0x00000000eca00000)
 ParOldGen       total 42496K, used 6290K [0x00000000c2800000, 0x00000000c5180000, 0x00000000eb800000)
  object space 42496K, 14% used [0x00000000c2800000,0x00000000c2e24838,0x00000000c5180000)
 Metaspace       used 14390K, capacity 14704K, committed 14848K, reserved 1062912K
  class space    used 1799K, capacity 1928K, committed 2048K, reserved 1048576K
Event: 6.212 GC heap after
Heap after GC invocations=5 (full 0):
 PSYoungGen      total 18432K, used 2528K [0x00000000eb800000, 0x00000000ee200000, 0x0000000100000000)
  eden space 15872K, 0% used [0x00000000eb800000,0x00000000eb800000,0x00000000ec780000)
  from space 2560K, 98% used [0x00000000ec780000,0x00000000ec9f8020,0x00000000eca00000)
  to   space 5632K, 0% used [0x00000000edc80000,0x00000000edc80000,0x00000000ee200000)
 ParOldGen       total 42496K, used 8924K [0x00000000c2800000, 0x00000000c5180000, 0x00000000eb800000)
  object space 42496K, 21% used [0x00000000c2800000,0x00000000c30b7120,0x00000000c5180000)
 Metaspace       used 14390K, capacity 14704K, committed 14848K, reserved 1062912K
  class space    used 1799K, capacity 1928K, committed 2048K, reserved 1048576K
}
Event: 7.373 GC heap before
{Heap before GC invocations=6 (full 0):
 PSYoungGen      total 18432K, used 18400K [0x00000000eb800000, 0x00000000ee200000, 0x0000000100000000)
  eden space 15872K, 100% used [0x00000000eb800000,0x00000000ec780000,0x00000000ec780000)
  from space 2560K, 98% used [0x00000000ec780000,0x00000000ec9f8020,0x00000000eca00000)
  to   space 5632K, 0% used [0x00000000edc80000,0x00000000edc80000,0x00000000ee200000)
 ParOldGen       total 42496K, used 8924K [0x00000000c2800000, 0x00000000c5180000, 0x00000000eb800000)
  object space 42496K, 21% used [0x00000000c2800000,0x00000000c30b7120,0x00000000c5180000)
 Metaspace       used 16436K, capacity 16840K, committed 16896K, reserved 1064960K
  class space    used 2096K, capacity 2270K, committed 2304K, reserved 1048576K
Event: 7.382 GC heap after
Heap after GC invocations=6 (full 0):
 PSYoungGen      total 36864K, used 4920K [0x00000000eb800000, 0x00000000ee300000, 0x0000000100000000)
  eden space 31232K, 0% used [0x00000000eb800000,0x00000000eb800000,0x00000000ed680000)
  from space 5632K, 87% used [0x00000000edc80000,0x00000000ee14e190,0x00000000ee200000)
  to   space 6144K, 0% used [0x00000000ed680000,0x00000000ed680000,0x00000000edc80000)
 ParOldGen       total 42496K, used 8932K [0x00000000c2800000, 0x00000000c5180000, 0x00000000eb800000)
  object space 42496K, 21% used [0x00000000c2800000,0x00000000c30b9120,0x00000000c5180000)
 Metaspace       used 16436K, capacity 16840K, committed 16896K, reserved 1064960K
  class space    used 2096K, capacity 2270K, committed 2304K, reserved 1048576K
}
Event: 19.592 GC heap before
{Heap before GC invocations=7 (full 0):
 PSYoungGen      total 36864K, used 36152K [0x00000000eb800000, 0x00000000ee300000, 0x0000000100000000)
  eden space 31232K, 100% used [0x00000000eb800000,0x00000000ed680000,0x00000000ed680000)
  from space 5632K, 87% used [0x00000000edc80000,0x00000000ee14e190,0x00000000ee200000)
  to   space 6144K, 0% used [0x00000000ed680000,0x00000000ed680000,0x00000000edc80000)
 ParOldGen       total 42496K, used 8932K [0x00000000c2800000, 0x00000000c5180000, 0x00000000eb800000)
  object space 42496K, 21% used [0x00000000c2800000,0x00000000c30b9120,0x00000000c5180000)
 Metaspace       used 18964K, capacity 19560K, committed 19712K, reserved 1067008K
  class space    used 2347K, capacity 2522K, committed 2560K, reserved 1048576K
Event: 19.639 GC heap after
Heap after GC invocations=7 (full 0):
 PSYoungGen      total 36352K, used 6128K [0x00000000eb800000, 0x00000000ee480000, 0x0000000100000000)
  eden space 30208K, 0% used [0x00000000eb800000,0x00000000eb800000,0x00000000ed580000)
  from space 6144K, 99% used [0x00000000ed680000,0x00000000edc7c010,0x00000000edc80000)
  to   space 7680K, 0% used [0x00000000edd00000,0x00000000edd00000,0x00000000ee480000)
 ParOldGen       total 42496K, used 10881K [0x00000000c2800000, 0x00000000c5180000, 0x00000000eb800000)
  object space 42496K, 25% used [0x00000000c2800000,0x00000000c32a06d8,0x00000000c5180000)
 Metaspace       used 18964K, capacity 19560K, committed 19712K, reserved 1067008K
  class space    used 2347K, capacity 2522K, committed 2560K, reserved 1048576K
}
Event: 21.350 GC heap before
{Heap before GC invocations=8 (full 0):
 PSYoungGen      total 36352K, used 36336K [0x00000000eb800000, 0x00000000ee480000, 0x0000000100000000)
  eden space 30208K, 100% used [0x00000000eb800000,0x00000000ed580000,0x00000000ed580000)
  from space 6144K, 99% used [0x00000000ed680000,0x00000000edc7c010,0x00000000edc80000)
  to   space 7680K, 0% used [0x00000000edd00000,0x00000000edd00000,0x00000000ee480000)
 ParOldGen       total 42496K, used 10881K [0x00000000c2800000, 0x00000000c5180000, 0x00000000eb800000)
  object space 42496K, 25% used [0x00000000c2800000,0x00000000c32a06d8,0x00000000c5180000)
 Metaspace       used 19436K, capacity 20064K, committed 20352K, reserved 1067008K
  class space    used 2392K, capacity 2562K, committed 2688K, reserved 1048576K
Event: 21.423 GC heap after
Heap after GC invocations=8 (full 0):
 PSYoungGen      total 35840K, used 7668K [0x00000000eb800000, 0x00000000f0600000, 0x0000000100000000)
  eden space 28160K, 0% used [0x00000000eb800000,0x00000000eb800000,0x00000000ed380000)
  from space 7680K, 99% used [0x00000000edd00000,0x00000000ee47d2a8,0x00000000ee480000)
  to   space 9728K, 0% used [0x00000000ed380000,0x00000000ed380000,0x00000000edd00000)
 ParOldGen       total 42496K, used 13174K [0x00000000c2800000, 0x00000000c5180000, 0x00000000eb800000)
  object space 42496K, 31% used [0x00000000c2800000,0x00000000c34dd880,0x00000000c5180000)
 Metaspace       used 19436K, capacity 20064K, committed 20352K, reserved 1067008K
  class space    used 2392K, capacity 2562K, committed 2688K, reserved 1048576K
}
Event: 21.800 GC heap before
{Heap before GC invocations=9 (full 0):
 PSYoungGen      total 35840K, used 35828K [0x00000000eb800000, 0x00000000f0600000, 0x0000000100000000)
  eden space 28160K, 100% used [0x00000000eb800000,0x00000000ed380000,0x00000000ed380000)
  from space 7680K, 99% used [0x00000000edd00000,0x00000000ee47d2a8,0x00000000ee480000)
  to   space 9728K, 0% used [0x00000000ed380000,0x00000000ed380000,0x00000000edd00000)
 ParOldGen       total 42496K, used 13174K [0x00000000c2800000, 0x00000000c5180000, 0x00000000eb800000)
  object space 42496K, 31% used [0x00000000c2800000,0x00000000c34dd880,0x00000000c5180000)
 Metaspace       used 19481K, capacity 20074K, committed 20352K, reserved 1067008K
  class space    used 2392K, capacity 2563K, committed 2688K, reserved 1048576K
Event: 21.815 GC heap after
Heap after GC invocations=9 (full 0):
 PSYoungGen      total 37888K, used 9728K [0x00000000eb800000, 0x00000000efc00000, 0x0000000100000000)
  eden space 28160K, 0% used [0x00000000eb800000,0x00000000eb800000,0x00000000ed380000)
  from space 9728K, 100% used [0x00000000ed380000,0x00000000edd00000,0x00000000edd00000)
  to   space 12288K, 0% used [0x00000000ef000000,0x00000000ef000000,0x00000000efc00000)
 ParOldGen       total 42496K, used 16496K [0x00000000c2800000, 0x00000000c5180000, 0x00000000eb800000)
  object space 42496K, 38% used [0x00000000c2800000,0x00000000c381c0d0,0x00000000c5180000)
 Metaspace       used 19481K, capacity 20074K, committed 20352K, reserved 1067008K
  class space    used 2392K, capacity 2563K, committed 2688K, reserved 1048576K
}

